<?xml version="1.0" encoding="UTF-8"?>
<!-- Generated by org.testng.reporters.JUnitReportReporter -->
<testsuite hostname="LAPTOP-8HGFTB4S" failures="0" tests="1" name="regression.ValidateLoginUsingPOMDataProvider" time="8.116" errors="0" timestamp="2025-08-26T19:37:25 IST" skipped="0">
  <testcase classname="regression.ValidateLoginUsingPOMDataProvider" name="validateLoginTest" time="8.116"/>
</testsuite> <!-- regression.ValidateLoginUsingPOMDataProvider -->
