<?xml version="1.0" encoding="UTF-8"?>
<!-- Generated by org.testng.reporters.JUnitReportReporter -->
<testsuite hostname="LAPTOP-8HGFTB4S" failures="0" tests="1" name="regression.ValidateLoginUsingPOM" time="3.963" errors="0" timestamp="2025-08-04T20:07:06 IST" skipped="0">
  <testcase classname="regression.ValidateLoginUsingPOM" name="validateLoginTest" time="3.963"/>
</testsuite> <!-- regression.ValidateLoginUsingPOM -->
